2023-06-10 08:40:52.951 +01:00 [DBG] Registered model binder providers, in the following order: ["Microsoft.AspNetCore.Mvc.ModelBinding.Binders.BinderTypeModelBinderProvider","Microsoft.AspNetCore.Mvc.ModelBinding.Binders.ServicesModelBinderProvider","Microsoft.AspNetCore.Mvc.ModelBinding.Binders.BodyModelBinderProvider","Microsoft.AspNetCore.Mvc.ModelBinding.Binders.HeaderModelBinderProvider","Microsoft.AspNetCore.Mvc.ModelBinding.Binders.FloatingPointTypeModelBinderProvider","Microsoft.AspNetCore.Mvc.ModelBinding.Binders.EnumTypeModelBinderProvider","Microsoft.AspNetCore.Mvc.ModelBinding.Binders.DateTimeModelBinderProvider","Microsoft.AspNetCore.Mvc.ModelBinding.Binders.SimpleTypeModelBinderProvider","Microsoft.AspNetCore.Mvc.ModelBinding.Binders.TryParseModelBinderProvider","Microsoft.AspNetCore.Mvc.ModelBinding.Binders.CancellationTokenModelBinderProvider","Microsoft.AspNetCore.Mvc.ModelBinding.Binders.ByteArrayModelBinderProvider","Microsoft.AspNetCore.Mvc.ModelBinding.Binders.FormFileModelBinderProvider","Microsoft.AspNetCore.Mvc.ModelBinding.Binders.FormCollectionModelBinderProvider","Microsoft.AspNetCore.Mvc.ModelBinding.Binders.KeyValuePairModelBinderProvider","Microsoft.AspNetCore.Mvc.ModelBinding.Binders.DictionaryModelBinderProvider","Microsoft.AspNetCore.Mvc.ModelBinding.Binders.ArrayModelBinderProvider","Microsoft.AspNetCore.Mvc.ModelBinding.Binders.CollectionModelBinderProvider","Microsoft.AspNetCore.Mvc.ModelBinding.Binders.ComplexObjectModelBinderProvider"]
2023-06-10 08:40:53.108 +01:00 [DBG] Hosting starting
2023-06-10 08:40:54.253 +01:00 [INF] Now listening on: https://localhost:7233
2023-06-10 08:40:54.253 +01:00 [INF] Now listening on: http://localhost:5297
2023-06-10 08:40:54.253 +01:00 [DBG] Loaded hosting startup assembly MagicVilla_VillaAPI
2023-06-10 08:40:54.254 +01:00 [INF] Application started. Press Ctrl+C to shut down.
2023-06-10 08:40:54.258 +01:00 [INF] Hosting environment: Development
2023-06-10 08:40:54.258 +01:00 [INF] Content root path: /Users/mac/Desktop/C#/MagicVilla/MagicVilla_VillaAPI
2023-06-10 08:40:54.258 +01:00 [DBG] Hosting started
2023-06-10 08:40:54.643 +01:00 [DBG] Connection id "0HMR9GO2SB8FD" accepted.
2023-06-10 08:40:54.645 +01:00 [DBG] Connection id "0HMR9GO2SB8FD" started.
2023-06-10 08:40:55.640 +01:00 [DBG] Connection id "0HMR9GO2SB8FD" received FIN.
2023-06-10 08:40:55.665 +01:00 [DBG] Failed to authenticate HTTPS connection.
System.IO.IOException:  Received an unexpected EOF or 0 bytes from the transport stream.
   at System.Net.Security.SslStream.ReceiveBlobAsync[TIOAdapter](CancellationToken cancellationToken)
   at System.Net.Security.SslStream.ForceAuthenticationAsync[TIOAdapter](Boolean receiveFirst, Byte[] reAuthenticationData, CancellationToken cancellationToken)
   at Microsoft.AspNetCore.Server.Kestrel.Https.Internal.HttpsConnectionMiddleware.OnConnectionAsync(ConnectionContext context)
2023-06-10 08:40:55.987 +01:00 [DBG] Connection id "0HMR9GO2SB8FD" stopped.
2023-06-10 08:40:55.996 +01:00 [DBG] Connection id "0HMR9GO2SB8FD" sending FIN because: "The Socket transport's send loop completed gracefully."
2023-06-10 08:40:56.949 +01:00 [DBG] Connection id "0HMR9GO2SB8FE" accepted.
2023-06-10 08:40:56.951 +01:00 [DBG] Connection id "0HMR9GO2SB8FF" accepted.
2023-06-10 08:40:56.951 +01:00 [DBG] Connection id "0HMR9GO2SB8FE" started.
2023-06-10 08:40:56.957 +01:00 [DBG] Connection id "0HMR9GO2SB8FF" started.
2023-06-10 08:40:57.100 +01:00 [DBG] Connection 0HMR9GO2SB8FE established using the following protocol: "Tls12"
2023-06-10 08:40:57.100 +01:00 [DBG] Connection 0HMR9GO2SB8FF established using the following protocol: "Tls12"
2023-06-10 08:40:57.320 +01:00 [INF] Request starting HTTP/1.1 GET https://localhost:7233/swagger/index.html - -
2023-06-10 08:40:57.339 +01:00 [DBG] Wildcard detected, all requests with hosts will be allowed.
2023-06-10 08:40:57.481 +01:00 [DBG] No candidates found for the request path '/swagger/index.html'
2023-06-10 08:40:57.484 +01:00 [DBG] Request did not match any endpoints
2023-06-10 08:40:57.952 +01:00 [DBG] Connection id "0HMR9GO2SB8FE" completed keep alive response.
2023-06-10 08:40:57.967 +01:00 [INF] Request finished HTTP/1.1 GET https://localhost:7233/swagger/index.html - - - 200 - text/html;charset=utf-8 691.3227ms
2023-06-10 08:40:58.116 +01:00 [INF] Request starting HTTP/1.1 GET https://localhost:7233/swagger/v1/swagger.json - -
2023-06-10 08:40:58.117 +01:00 [DBG] No candidates found for the request path '/swagger/v1/swagger.json'
2023-06-10 08:40:58.117 +01:00 [DBG] Request did not match any endpoints
2023-06-10 08:40:58.352 +01:00 [DBG] Connection id "0HMR9GO2SB8FE" completed keep alive response.
2023-06-10 08:40:58.353 +01:00 [INF] Request finished HTTP/1.1 GET https://localhost:7233/swagger/v1/swagger.json - - - 200 - application/json;charset=utf-8 236.9298ms
